# JRE version: OpenJDK Runtime Environment (8.0_242-b01) (build 1.8.0_242-release-1644-b01)
# Java VM: OpenJDK 64-Bit Server VM (25.242-b01 mixed mode windows-amd64 compressed oops)
Heap:
 PSYoungGen      total 96256K, used 25487K [0x00000000d5580000, 0x00000000dce80000, 0x0000000100000000)
  eden space 84480K, 16% used [0x00000000d5580000,0x00000000d62e4518,0x00000000da800000)
  from space 11776K, 99% used [0x00000000dc300000,0x00000000dce7f7f0,0x00000000dce80000)
  to   space 11776K, 0% used [0x00000000da800000,0x00000000da800000,0x00000000db380000)
 ParOldGen       total 77312K, used 20674K [0x0000000080000000, 0x0000000084b80000, 0x00000000d5580000)
  object space 77312K, 26% used [0x0000000080000000,0x00000000814308e0,0x0000000084b80000)
 Metaspace       used 46545K, capacity 48386K, committed 48680K, reserved 1091584K
  class space    used 6285K, capacity 6683K, committed 6704K, reserved 1048576K
GC Heap History (10 events):
Event: 13.000 GC heap before
{Heap before GC invocations=8 (full 1):
 PSYoungGen      total 75264K, used 74862K [0x00000000d5580000, 0x00000000dbf00000, 0x0000000100000000)
  eden space 70144K, 100% used [0x00000000d5580000,0x00000000d9a00000,0x00000000d9a00000)
  from space 5120K, 92% used [0x00000000dba00000,0x00000000dbe9bb88,0x00000000dbf00000)
  to   space 11776K, 0% used [0x00000000da800000,0x00000000da800000,0x00000000db380000)
 ParOldGen       total 77312K, used 8416K [0x0000000080000000, 0x0000000084b80000, 0x00000000d5580000)
  object space 77312K, 10% used [0x0000000080000000,0x0000000080838378,0x0000000084b80000)
 Metaspace       used 32615K, capacity 33642K, committed 33712K, reserved 1079296K
  class space    used 4444K, capacity 4719K, committed 4784K, reserved 1048576K
Event: 13.024 GC heap after
Heap after GC invocations=8 (full 1):
 PSYoungGen      total 96256K, used 10155K [0x00000000d5580000, 0x00000000dd780000, 0x0000000100000000)
  eden space 84480K, 0% used [0x00000000d5580000,0x00000000d5580000,0x00000000da800000)
  from space 11776K, 86% used [0x00000000da800000,0x00000000db1eafc8,0x00000000db380000)
  to   space 12800K, 0% used [0x00000000dcb00000,0x00000000dcb00000,0x00000000dd780000)
 ParOldGen       total 77312K, used 8424K [0x0000000080000000, 0x0000000084b80000, 0x00000000d5580000)
  object space 77312K, 10% used [0x0000000080000000,0x000000008083a378,0x0000000084b80000)
 Metaspace       used 32615K, capacity 33642K, committed 33712K, reserved 1079296K
  class space    used 4444K, capacity 4719K, committed 4784K, reserved 1048576K
}
Event: 14.199 GC heap before
{Heap before GC invocations=9 (full 1):
 PSYoungGen      total 96256K, used 49585K [0x00000000d5580000, 0x00000000dd780000, 0x0000000100000000)
  eden space 84480K, 46% used [0x00000000d5580000,0x00000000d7c01450,0x00000000da800000)
  from space 11776K, 86% used [0x00000000da800000,0x00000000db1eafc8,0x00000000db380000)
  to   space 12800K, 0% used [0x00000000dcb00000,0x00000000dcb00000,0x00000000dd780000)
 ParOldGen       total 77312K, used 8424K [0x0000000080000000, 0x0000000084b80000, 0x00000000d5580000)
  object space 77312K, 10% used [0x0000000080000000,0x000000008083a378,0x0000000084b80000)
 Metaspace       used 34255K, capacity 35412K, committed 35496K, reserved 1079296K
  class space    used 4713K, capacity 5001K, committed 5040K, reserved 1048576K
Event: 14.226 GC heap after
Heap after GC invocations=9 (full 1):
 PSYoungGen      total 97280K, used 8239K [0x00000000d5580000, 0x00000000dd780000, 0x0000000100000000)
  eden space 84480K, 0% used [0x00000000d5580000,0x00000000d5580000,0x00000000da800000)
  from space 12800K, 64% used [0x00000000dcb00000,0x00000000dd30bee8,0x00000000dd780000)
  to   space 11776K, 0% used [0x00000000da800000,0x00000000da800000,0x00000000db380000)
 ParOldGen       total 77312K, used 8432K [0x0000000080000000, 0x0000000084b80000, 0x00000000d5580000)
  object space 77312K, 10% used [0x0000000080000000,0x000000008083c378,0x0000000084b80000)
 Metaspace       used 34255K, capacity 35412K, committed 35496K, reserved 1079296K
  class space    used 4713K, capacity 5001K, committed 5040K, reserved 1048576K
}
Event: 14.226 GC heap before
{Heap before GC invocations=10 (full 2):
 PSYoungGen      total 97280K, used 8239K [0x00000000d5580000, 0x00000000dd780000, 0x0000000100000000)
  eden space 84480K, 0% used [0x00000000d5580000,0x00000000d5580000,0x00000000da800000)
  from space 12800K, 64% used [0x00000000dcb00000,0x00000000dd30bee8,0x00000000dd780000)
  to   space 11776K, 0% used [0x00000000da800000,0x00000000da800000,0x00000000db380000)
 ParOldGen       total 77312K, used 8432K [0x0000000080000000, 0x0000000084b80000, 0x00000000d5580000)
  object space 77312K, 10% used [0x0000000080000000,0x000000008083c378,0x0000000084b80000)
 Metaspace       used 34255K, capacity 35412K, committed 35496K, reserved 1079296K
  class space    used 4713K, capacity 5001K, committed 5040K, reserved 1048576K
Event: 14.417 GC heap after
Heap after GC invocations=10 (full 2):
 PSYoungGen      total 97280K, used 0K [0x00000000d5580000, 0x00000000dd780000, 0x0000000100000000)
  eden space 84480K, 0% used [0x00000000d5580000,0x00000000d5580000,0x00000000da800000)
  from space 12800K, 0% used [0x00000000dcb00000,0x00000000dcb00000,0x00000000dd780000)
  to   space 11776K, 0% used [0x00000000da800000,0x00000000da800000,0x00000000db380000)
 ParOldGen       total 77312K, used 14622K [0x0000000080000000, 0x0000000084b80000, 0x00000000d5580000)
  object space 77312K, 18% used [0x0000000080000000,0x0000000080e479a8,0x0000000084b80000)
 Metaspace       used 34255K, capacity 35412K, committed 35496K, reserved 1079296K
  class space    used 4713K, capacity 5001K, committed 5040K, reserved 1048576K
}
Event: 26.109 GC heap before
{Heap before GC invocations=11 (full 2):
 PSYoungGen      total 97280K, used 84480K [0x00000000d5580000, 0x00000000dd780000, 0x0000000100000000)
  eden space 84480K, 100% used [0x00000000d5580000,0x00000000da800000,0x00000000da800000)
  from space 12800K, 0% used [0x00000000dcb00000,0x00000000dcb00000,0x00000000dd780000)
  to   space 11776K, 0% used [0x00000000da800000,0x00000000da800000,0x00000000db380000)
 ParOldGen       total 77312K, used 14622K [0x0000000080000000, 0x0000000084b80000, 0x00000000d5580000)
  object space 77312K, 18% used [0x0000000080000000,0x0000000080e479a8,0x0000000084b80000)
 Metaspace       used 36831K, capacity 38256K, committed 38440K, reserved 1083392K
  class space    used 5059K, capacity 5367K, committed 5424K, reserved 1048576K
Event: 26.126 GC heap after
Heap after GC invocations=11 (full 2):
 PSYoungGen      total 96256K, used 7087K [0x00000000d5580000, 0x00000000dce80000, 0x0000000100000000)
  eden space 84480K, 0% used [0x00000000d5580000,0x00000000d5580000,0x00000000da800000)
  from space 11776K, 60% used [0x00000000da800000,0x00000000daeebfd8,0x00000000db380000)
  to   space 11776K, 0% used [0x00000000dc300000,0x00000000dc300000,0x00000000dce80000)
 ParOldGen       total 77312K, used 14630K [0x0000000080000000, 0x0000000084b80000, 0x00000000d5580000)
  object space 77312K, 18% used [0x0000000080000000,0x0000000080e499a8,0x0000000084b80000)
 Metaspace       used 36831K, capacity 38256K, committed 38440K, reserved 1083392K
  class space    used 5059K, capacity 5367K, committed 5424K, reserved 1048576K
}
Event: 34.685 GC heap before
{Heap before GC invocations=12 (full 2):
 PSYoungGen      total 96256K, used 91567K [0x00000000d5580000, 0x00000000dce80000, 0x0000000100000000)
  eden space 84480K, 100% used [0x00000000d5580000,0x00000000da800000,0x00000000da800000)
  from space 11776K, 60% used [0x00000000da800000,0x00000000daeebfd8,0x00000000db380000)
  to   space 11776K, 0% used [0x00000000dc300000,0x00000000dc300000,0x00000000dce80000)
 ParOldGen       total 77312K, used 14630K [0x0000000080000000, 0x0000000084b80000, 0x00000000d5580000)
  object space 77312K, 18% used [0x0000000080000000,0x0000000080e499a8,0x0000000084b80000)
 Metaspace       used 45583K, capacity 47322K, committed 47528K, reserved 1089536K
  class space    used 6153K, capacity 6511K, committed 6576K, reserved 1048576K
Event: 34.718 GC heap after
Heap after GC invocations=12 (full 2):
 PSYoungGen      total 96256K, used 11773K [0x00000000d5580000, 0x00000000dce80000, 0x0000000100000000)
  eden space 84480K, 0% used [0x00000000d5580000,0x00000000d5580000,0x00000000da800000)
  from space 11776K, 99% used [0x00000000dc300000,0x00000000dce7f7f0,0x00000000dce80000)
  to   space 11776K, 0% used [0x00000000da800000,0x00000000da800000,0x00000000db380000)
 ParOldGen       total 77312K, used 20674K [0x0000000080000000, 0x0000000084b80000, 0x00000000d5580000)
  object space 77312K, 26% used [0x0000000080000000,0x00000000814308e0,0x0000000084b80000)
 Metaspace       used 45583K, capacity 47322K, committed 47528K, reserved 1089536K
  class space    used 6153K, capacity 6511K, committed 6576K, reserved 1048576K
}

