# JRE version: OpenJDK Runtime Environment (8.0_242-b01) (build 1.8.0_242-release-1644-b01)
# Java VM: OpenJDK 64-Bit Server VM (25.242-b01 mixed mode windows-amd64 compressed oops)
Heap:
 PSYoungGen      total 72704K, used 1185K [0x00000000d5580000, 0x00000000db980000, 0x0000000100000000)
  eden space 61440K, 1% used [0x00000000d5580000,0x00000000d56a8600,0x00000000d9180000)
  from space 11264K, 0% used [0x00000000d9180000,0x00000000d9180000,0x00000000d9c80000)
  to   space 11264K, 0% used [0x00000000dae80000,0x00000000dae80000,0x00000000db980000)
 ParOldGen       total 132096K, used 14174K [0x0000000080000000, 0x0000000088100000, 0x00000000d5580000)
  object space 132096K, 10% used [0x0000000080000000,0x0000000080dd79b0,0x0000000088100000)
 Metaspace       used 34324K, capacity 35478K, committed 35752K, reserved 1079296K
  class space    used 4718K, capacity 5002K, committed 5040K, reserved 1048576K
GC Heap History (10 events):
Event: 13.529 GC heap before
{Heap before GC invocations=7 (full 1):
 PSYoungGen      total 51712K, used 44544K [0x00000000d5580000, 0x00000000d9700000, 0x0000000100000000)
  eden space 44544K, 100% used [0x00000000d5580000,0x00000000d8100000,0x00000000d8100000)
  from space 7168K, 0% used [0x00000000d8200000,0x00000000d8200000,0x00000000d8900000)
  to   space 11264K, 0% used [0x00000000d8c00000,0x00000000d8c00000,0x00000000d9700000)
 ParOldGen       total 81408K, used 8411K [0x0000000080000000, 0x0000000084f80000, 0x00000000d5580000)
  object space 81408K, 10% used [0x0000000080000000,0x0000000080836ec8,0x0000000084f80000)
 Metaspace       used 24298K, capacity 25074K, committed 25264K, reserved 1071104K
  class space    used 3440K, capacity 3679K, committed 3760K, reserved 1048576K
Event: 13.537 GC heap after
Heap after GC invocations=7 (full 1):
 PSYoungGen      total 55296K, used 4403K [0x00000000d5580000, 0x00000000dab00000, 0x0000000100000000)
  eden space 44032K, 0% used [0x00000000d5580000,0x00000000d5580000,0x00000000d8080000)
  from space 11264K, 39% used [0x00000000d8c00000,0x00000000d904cde0,0x00000000d9700000)
  to   space 11776K, 0% used [0x00000000d8080000,0x00000000d8080000,0x00000000d8c00000)
 ParOldGen       total 81408K, used 8419K [0x0000000080000000, 0x0000000084f80000, 0x00000000d5580000)
  object space 81408K, 10% used [0x0000000080000000,0x0000000080838ec8,0x0000000084f80000)
 Metaspace       used 24298K, capacity 25074K, committed 25264K, reserved 1071104K
  class space    used 3440K, capacity 3679K, committed 3760K, reserved 1048576K
}
Event: 17.766 GC heap before
{Heap before GC invocations=8 (full 1):
 PSYoungGen      total 55296K, used 48435K [0x00000000d5580000, 0x00000000dab00000, 0x0000000100000000)
  eden space 44032K, 100% used [0x00000000d5580000,0x00000000d8080000,0x00000000d8080000)
  from space 11264K, 39% used [0x00000000d8c00000,0x00000000d904cde0,0x00000000d9700000)
  to   space 11776K, 0% used [0x00000000d8080000,0x00000000d8080000,0x00000000d8c00000)
 ParOldGen       total 81408K, used 8419K [0x0000000080000000, 0x0000000084f80000, 0x00000000d5580000)
  object space 81408K, 10% used [0x0000000080000000,0x0000000080838ec8,0x0000000084f80000)
 Metaspace       used 30815K, capacity 31746K, committed 32048K, reserved 1077248K
  class space    used 4163K, capacity 4368K, committed 4400K, reserved 1048576K
Event: 17.780 GC heap after
Heap after GC invocations=8 (full 1):
 PSYoungGen      total 55808K, used 7417K [0x00000000d5580000, 0x00000000da780000, 0x0000000100000000)
  eden space 44032K, 0% used [0x00000000d5580000,0x00000000d5580000,0x00000000d8080000)
  from space 11776K, 62% used [0x00000000d8080000,0x00000000d87be6f0,0x00000000d8c00000)
  to   space 11264K, 0% used [0x00000000d9c80000,0x00000000d9c80000,0x00000000da780000)
 ParOldGen       total 81408K, used 8427K [0x0000000080000000, 0x0000000084f80000, 0x00000000d5580000)
  object space 81408K, 10% used [0x0000000080000000,0x000000008083aec8,0x0000000084f80000)
 Metaspace       used 30815K, capacity 31746K, committed 32048K, reserved 1077248K
  class space    used 4163K, capacity 4368K, committed 4400K, reserved 1048576K
}
Event: 19.862 GC heap before
{Heap before GC invocations=9 (full 1):
 PSYoungGen      total 55808K, used 51449K [0x00000000d5580000, 0x00000000da780000, 0x0000000100000000)
  eden space 44032K, 100% used [0x00000000d5580000,0x00000000d8080000,0x00000000d8080000)
  from space 11776K, 62% used [0x00000000d8080000,0x00000000d87be6f0,0x00000000d8c00000)
  to   space 11264K, 0% used [0x00000000d9c80000,0x00000000d9c80000,0x00000000da780000)
 ParOldGen       total 81408K, used 8427K [0x0000000080000000, 0x0000000084f80000, 0x00000000d5580000)
  object space 81408K, 10% used [0x0000000080000000,0x000000008083aec8,0x0000000084f80000)
 Metaspace       used 33211K, capacity 34308K, committed 34608K, reserved 1079296K
  class space    used 4538K, capacity 4791K, committed 4912K, reserved 1048576K
Event: 19.900 GC heap after
Heap after GC invocations=9 (full 1):
 PSYoungGen      total 72704K, used 8331K [0x00000000d5580000, 0x00000000dab80000, 0x0000000100000000)
  eden space 61440K, 0% used [0x00000000d5580000,0x00000000d5580000,0x00000000d9180000)
  from space 11264K, 73% used [0x00000000d9c80000,0x00000000da4a2c90,0x00000000da780000)
  to   space 11264K, 0% used [0x00000000d9180000,0x00000000d9180000,0x00000000d9c80000)
 ParOldGen       total 81408K, used 8435K [0x0000000080000000, 0x0000000084f80000, 0x00000000d5580000)
  object space 81408K, 10% used [0x0000000080000000,0x000000008083cec8,0x0000000084f80000)
 Metaspace       used 33211K, capacity 34308K, committed 34608K, reserved 1079296K
  class space    used 4538K, capacity 4791K, committed 4912K, reserved 1048576K
}
Event: 21.708 GC heap before
{Heap before GC invocations=10 (full 1):
 PSYoungGen      total 72704K, used 31019K [0x00000000d5580000, 0x00000000dab80000, 0x0000000100000000)
  eden space 61440K, 36% used [0x00000000d5580000,0x00000000d6ba7f98,0x00000000d9180000)
  from space 11264K, 73% used [0x00000000d9c80000,0x00000000da4a2c90,0x00000000da780000)
  to   space 11264K, 0% used [0x00000000d9180000,0x00000000d9180000,0x00000000d9c80000)
 ParOldGen       total 81408K, used 8435K [0x0000000080000000, 0x0000000084f80000, 0x00000000d5580000)
  object space 81408K, 10% used [0x0000000080000000,0x000000008083cec8,0x0000000084f80000)
 Metaspace       used 34289K, capacity 35412K, committed 35496K, reserved 1079296K
  class space    used 4714K, capacity 5001K, committed 5040K, reserved 1048576K
Event: 21.729 GC heap after
Heap after GC invocations=10 (full 1):
 PSYoungGen      total 72704K, used 7761K [0x00000000d5580000, 0x00000000db980000, 0x0000000100000000)
  eden space 61440K, 0% used [0x00000000d5580000,0x00000000d5580000,0x00000000d9180000)
  from space 11264K, 68% used [0x00000000d9180000,0x00000000d9914490,0x00000000d9c80000)
  to   space 11264K, 0% used [0x00000000dae80000,0x00000000dae80000,0x00000000db980000)
 ParOldGen       total 81408K, used 8435K [0x0000000080000000, 0x0000000084f80000, 0x00000000d5580000)
  object space 81408K, 10% used [0x0000000080000000,0x000000008083cec8,0x0000000084f80000)
 Metaspace       used 34289K, capacity 35412K, committed 35496K, reserved 1079296K
  class space    used 4714K, capacity 5001K, committed 5040K, reserved 1048576K
}
Event: 21.729 GC heap before
{Heap before GC invocations=11 (full 2):
 PSYoungGen      total 72704K, used 7761K [0x00000000d5580000, 0x00000000db980000, 0x0000000100000000)
  eden space 61440K, 0% used [0x00000000d5580000,0x00000000d5580000,0x00000000d9180000)
  from space 11264K, 68% used [0x00000000d9180000,0x00000000d9914490,0x00000000d9c80000)
  to   space 11264K, 0% used [0x00000000dae80000,0x00000000dae80000,0x00000000db980000)
 ParOldGen       total 81408K, used 8435K [0x0000000080000000, 0x0000000084f80000, 0x00000000d5580000)
  object space 81408K, 10% used [0x0000000080000000,0x000000008083cec8,0x0000000084f80000)
 Metaspace       used 34289K, capacity 35412K, committed 35496K, reserved 1079296K
  class space    used 4714K, capacity 5001K, committed 5040K, reserved 1048576K
Event: 21.989 GC heap after
Heap after GC invocations=11 (full 2):
 PSYoungGen      total 72704K, used 0K [0x00000000d5580000, 0x00000000db980000, 0x0000000100000000)
  eden space 61440K, 0% used [0x00000000d5580000,0x00000000d5580000,0x00000000d9180000)
  from space 11264K, 0% used [0x00000000d9180000,0x00000000d9180000,0x00000000d9c80000)
  to   space 11264K, 0% used [0x00000000dae80000,0x00000000dae80000,0x00000000db980000)
 ParOldGen       total 132096K, used 14174K [0x0000000080000000, 0x0000000088100000, 0x00000000d5580000)
  object space 132096K, 10% used [0x0000000080000000,0x0000000080dd79b0,0x0000000088100000)
 Metaspace       used 34289K, capacity 35412K, committed 35496K, reserved 1079296K
  class space    used 4714K, capacity 5001K, committed 5040K, reserved 1048576K
}

